This file contains any messages produced by compilers while
running configure, to aid debugging if configure makes a mistake.

It was created by tsim configure 0.84, which was
generated by GNU Autoconf 2.61.  Invocation command line was

  $ ./tsim-0.84/configure 

## --------- ##
## Platform. ##
## --------- ##

hostname = DESKTOP-2JONDAM
uname -m = x86_64
uname -r = 4.4.0-18362-Microsoft
uname -s = Linux
uname -v = #476-Microsoft Fri Nov 01 16:53:00 PST 2019

/usr/bin/uname -p = unknown
/bin/uname -X     = unknown

/bin/arch              = unknown
/usr/bin/arch -k       = unknown
/usr/convex/getsysinfo = unknown
/usr/bin/hostinfo      = unknown
/bin/machine           = unknown
/usr/bin/oslevel       = unknown
/bin/universe          = unknown

PATH: /usr/local/sbin
PATH: /usr/local/bin
PATH: /usr/sbin
PATH: /usr/bin
PATH: /sbin
PATH: /bin
PATH: /usr/games
PATH: /usr/local/games
PATH: /mnt/c/Program Files/Haskell/bin
PATH: /mnt/c/Program Files/Haskell Platform/8.0.2/lib/extralibs/bin
PATH: /mnt/c/Program Files/Haskell Platform/8.0.2/bin
PATH: /mnt/c/ProgramData/Oracle/Java/javapath
PATH: /mnt/c/WINDOWS/system32
PATH: /mnt/c/WINDOWS
PATH: /mnt/c/WINDOWS/System32/Wbem
PATH: /mnt/c/WINDOWS/System32/WindowsPowerShell/v1.0/
PATH: /mnt/c/Program Files (x86)/MiKTeX 2.9/miktex/bin/
PATH: /mnt/c/Program Files/SourceGear/Common/DiffMerge/
PATH: /mnt/c/Program Files/Haskell Platform/8.0.2/mingw/bin
PATH: /mnt/c/TDM-GCC-64/bin
PATH: /mnt/c/Program Files (x86)/GtkSharp/2.12/bin
PATH: /mnt/c/PostgreSQL/pg10/bin
PATH: /mnt/c/WINDOWS/System32/OpenSSH/
PATH: /mnt/c/Program Files/PuTTY/
PATH: /mnt/c/Program Files (x86)/Brackets/command
PATH: /mnt/c/Program Files/nodejs/
PATH: /mnt/c/Program Files/dotnet/
PATH: /mnt/c/Program Files/Microsoft SQL Server/130/Tools/Binn/
PATH: /mnt/c/Program Files/Microsoft SQL Server/Client SDK/ODBC/170/Tools/Binn/
PATH: /mnt/c/Program Files/Java/jre1.8.0_144/bin
PATH: /mnt/c/Users/Ali/AppData/Roaming/cabal/bin
PATH: /mnt/c/Users/Ali/AppData/Roaming/local/bin
PATH: /mnt/c/Users/Ali/AppData/Local/Microsoft/WindowsApps
PATH: /mnt/c/Users/Ali/AppData/Local/Programs/Python/Python36-32/
PATH: /mnt/c/Users/Ali/AppData/Local/Programs/Python/Python36-32/python.exe
PATH: /mnt/c/Users/Ali/AppData/Local/Programs/Python/Python36-32/Scripts/pip
PATH: /mnt/c/Users/Ali/AppData/Local/Programs/Python/Python36-32/Scripts
PATH: /mnt/c/Modeltech_pe_edu_10.4a/win32pe_edu
PATH: /mnt/c/PostgreSQL/pg10/lib
PATH: /mnt/c/Program Files/JetBrains/IntelliJ IDEA Community Edition 2018.3.4/bin
PATH: /mnt/c/Users/Ali/AppData/Local/Programs/Microsoft VS Code/bin
PATH: /mnt/c/Users/Ali/AppData/Roaming/npm
PATH: /mnt/c/Users/Ali/.dotnet/tools
PATH: /mnt/c/Program Files/flutter/bin
PATH: /mnt/c/Program Files/erl10.6/bin
PATH: /snap/bin


## ----------- ##
## Core tests. ##
## ----------- ##

configure:1785: checking for a BSD-compatible install
configure:1841: result: /usr/bin/install -c
configure:1852: checking whether build environment is sane
configure:1895: result: yes
configure:1923: checking for a thread-safe mkdir -p
configure:1962: result: /bin/mkdir -p
configure:1975: checking for gawk
configure:1991: found /usr/bin/gawk
configure:2002: result: gawk
configure:2013: checking whether make sets $(MAKE)
configure:2034: result: yes
configure:2275: checking for gcc
configure:2305: result: no
configure:2372: checking for cc
configure:2419: result: no
configure:2475: checking for cl.exe
configure:2505: result: no
configure:2534: error: no acceptable C compiler found in $PATH
See `config.log' for more details.

## ---------------- ##
## Cache variables. ##
## ---------------- ##

ac_cv_env_CC_set=
ac_cv_env_CC_value=
ac_cv_env_CFLAGS_set=
ac_cv_env_CFLAGS_value=
ac_cv_env_CPPFLAGS_set=
ac_cv_env_CPPFLAGS_value=
ac_cv_env_CPP_set=
ac_cv_env_CPP_value=
ac_cv_env_LDFLAGS_set=
ac_cv_env_LDFLAGS_value=
ac_cv_env_LIBS_set=
ac_cv_env_LIBS_value=
ac_cv_env_XMKMF_set=
ac_cv_env_XMKMF_value=
ac_cv_env_build_alias_set=
ac_cv_env_build_alias_value=
ac_cv_env_host_alias_set=
ac_cv_env_host_alias_value=
ac_cv_env_target_alias_set=
ac_cv_env_target_alias_value=
ac_cv_path_install='/usr/bin/install -c'
ac_cv_path_mkdir=/bin/mkdir
ac_cv_prog_AWK=gawk
ac_cv_prog_make_make_set=yes

## ----------------- ##
## Output variables. ##
## ----------------- ##

ACLOCAL='${SHELL} /mnt/c/Users/Ali/git/tda384/trainspotting/src/tsim/tsim-0.84/missing --run aclocal-1.10'
AMDEPBACKSLASH=''
AMDEP_FALSE=''
AMDEP_TRUE=''
AMTAR='${SHELL} /mnt/c/Users/Ali/git/tda384/trainspotting/src/tsim/tsim-0.84/missing --run tar'
AUTOCONF='${SHELL} /mnt/c/Users/Ali/git/tda384/trainspotting/src/tsim/tsim-0.84/missing --run autoconf'
AUTOHEADER='${SHELL} /mnt/c/Users/Ali/git/tda384/trainspotting/src/tsim/tsim-0.84/missing --run autoheader'
AUTOMAKE='${SHELL} /mnt/c/Users/Ali/git/tda384/trainspotting/src/tsim/tsim-0.84/missing --run automake-1.10'
AWK='gawk'
CC=''
CCDEPMODE=''
CFLAGS=''
CPP=''
CPPFLAGS=''
CYGPATH_W='echo'
DEFS=''
DEPDIR=''
ECHO_C=''
ECHO_N='-n'
ECHO_T=''
EGREP=''
EXEEXT=''
GREP=''
INSTALL_DATA='${INSTALL} -m 644'
INSTALL_PROGRAM='${INSTALL}'
INSTALL_SCRIPT='${INSTALL}'
INSTALL_STRIP_PROGRAM='$(install_sh) -c -s'
LDFLAGS=''
LIBOBJS=''
LIBS=''
LTLIBOBJS=''
MAKEINFO='${SHELL} /mnt/c/Users/Ali/git/tda384/trainspotting/src/tsim/tsim-0.84/missing --run makeinfo'
OBJEXT=''
PACKAGE='tsim'
PACKAGE_BUGREPORT='staffan.bjornesjo@gmail.com'
PACKAGE_NAME='tsim'
PACKAGE_STRING='tsim 0.84'
PACKAGE_TARNAME='tsim'
PACKAGE_VERSION='0.84'
PATH_SEPARATOR=':'
SET_MAKE=''
SHELL='/bin/bash'
STRIP=''
VERSION='0.84'
XMKMF=''
ac_ct_CC=''
am__fastdepCC_FALSE=''
am__fastdepCC_TRUE=''
am__include=''
am__isrc=' -I$(srcdir)'
am__leading_dot='.'
am__quote=''
am__tar='${AMTAR} chof - "$$tardir"'
am__untar='${AMTAR} xf -'
bindir='${exec_prefix}/bin'
build_alias=''
datadir='${datarootdir}'
datarootdir='${prefix}/share'
docdir='${datarootdir}/doc/${PACKAGE_TARNAME}'
dvidir='${docdir}'
exec_prefix='NONE'
host_alias=''
htmldir='${docdir}'
includedir='${prefix}/include'
infodir='${datarootdir}/info'
install_sh='$(SHELL) /mnt/c/Users/Ali/git/tda384/trainspotting/src/tsim/tsim-0.84/install-sh'
libdir='${exec_prefix}/lib'
libexecdir='${exec_prefix}/libexec'
localedir='${datarootdir}/locale'
localstatedir='${prefix}/var'
mandir='${datarootdir}/man'
mkdir_p='/bin/mkdir -p'
oldincludedir='/usr/include'
pdfdir='${docdir}'
prefix='NONE'
program_transform_name='s,x,x,'
psdir='${docdir}'
sbindir='${exec_prefix}/sbin'
sharedstatedir='${prefix}/com'
sysconfdir='${prefix}/etc'
target_alias=''

## ----------- ##
## confdefs.h. ##
## ----------- ##

#define PACKAGE_NAME "tsim"
#define PACKAGE_TARNAME "tsim"
#define PACKAGE_VERSION "0.84"
#define PACKAGE_STRING "tsim 0.84"
#define PACKAGE_BUGREPORT "staffan.bjornesjo@gmail.com"
#define PACKAGE "tsim"
#define VERSION "0.84"

configure: exit 1
